<?xml version="1.0" encoding="UTF-8"?>
<!-- Generated by org.testng.reporters.JUnitReportReporter -->
<testsuite skipped="0" hostname="IMSS-JKR-CPU-13" name="IMSS_P1.demo.pgmTest" tests="1" failures="0" timestamp="07 Aug 2018 13:50:45 GMT" time="26.216" errors="0">
  <testcase name="jqueryProcessBar" time="26.216" classname="IMSS_P1.demo.pgmTest"/>
</testsuite> <!-- IMSS_P1.demo.pgmTest -->
